[1.584s] Invoking command in '/home/mostafa/ROS2andCarla/my_python_pkg': DEBUGINFOD_URLS=https://debuginfod.ubuntu.com PYTHONPATH=/home/mostafa/ROS2andCarla/build/my_python_pkg/prefix_override:/usr/lib/python3/dist-packages/colcon_core/task/python/colcon_distutils_commands:/home/mostafa/ROS2andCarla/install/my_python_pkg/lib/python3.12/site-packages:${PYTHONPATH} /usr/bin/python3 -W ignore:setup.py install is deprecated -W ignore:easy_install command is deprecated setup.py egg_info --egg-base ../build/my_python_pkg build --build-base /home/mostafa/ROS2andCarla/build/my_python_pkg/build install --record /home/mostafa/ROS2andCarla/build/my_python_pkg/install.log --single-version-externally-managed install_data
[2.061s] running egg_info
[2.061s] creating ../build/my_python_pkg/my_python_pkg.egg-info
[2.100s] writing ../build/my_python_pkg/my_python_pkg.egg-info/PKG-INFO
[2.101s] writing dependency_links to ../build/my_python_pkg/my_python_pkg.egg-info/dependency_links.txt
[2.101s] writing entry points to ../build/my_python_pkg/my_python_pkg.egg-info/entry_points.txt
[2.101s] writing requirements to ../build/my_python_pkg/my_python_pkg.egg-info/requires.txt
[2.101s] writing top-level names to ../build/my_python_pkg/my_python_pkg.egg-info/top_level.txt
[2.102s] writing manifest file '../build/my_python_pkg/my_python_pkg.egg-info/SOURCES.txt'
[2.183s] reading manifest file '../build/my_python_pkg/my_python_pkg.egg-info/SOURCES.txt'
[2.184s] writing manifest file '../build/my_python_pkg/my_python_pkg.egg-info/SOURCES.txt'
[2.184s] running build
[2.184s] running build_py
[2.184s] creating /home/mostafa/ROS2andCarla/build/my_python_pkg/build
[2.184s] creating /home/mostafa/ROS2andCarla/build/my_python_pkg/build/lib
[2.184s] creating /home/mostafa/ROS2andCarla/build/my_python_pkg/build/lib/my_python_pkg
[2.185s] copying my_python_pkg/__init__.py -> /home/mostafa/ROS2andCarla/build/my_python_pkg/build/lib/my_python_pkg
[2.185s] copying my_python_pkg/pub_node.py -> /home/mostafa/ROS2andCarla/build/my_python_pkg/build/lib/my_python_pkg
[2.185s] running install
[2.193s] running install_lib
[2.234s] creating /home/mostafa/ROS2andCarla/install/my_python_pkg/lib/python3.12/site-packages/my_python_pkg
[2.234s] copying /home/mostafa/ROS2andCarla/build/my_python_pkg/build/lib/my_python_pkg/__init__.py -> /home/mostafa/ROS2andCarla/install/my_python_pkg/lib/python3.12/site-packages/my_python_pkg
[2.234s] copying /home/mostafa/ROS2andCarla/build/my_python_pkg/build/lib/my_python_pkg/pub_node.py -> /home/mostafa/ROS2andCarla/install/my_python_pkg/lib/python3.12/site-packages/my_python_pkg
[2.235s] byte-compiling /home/mostafa/ROS2andCarla/install/my_python_pkg/lib/python3.12/site-packages/my_python_pkg/__init__.py to __init__.cpython-312.pyc
[2.235s] byte-compiling /home/mostafa/ROS2andCarla/install/my_python_pkg/lib/python3.12/site-packages/my_python_pkg/pub_node.py to pub_node.cpython-312.pyc
[2.236s] running install_data
[2.236s] creating /home/mostafa/ROS2andCarla/install/my_python_pkg/share/ament_index
[2.236s] creating /home/mostafa/ROS2andCarla/install/my_python_pkg/share/ament_index/resource_index
[2.236s] creating /home/mostafa/ROS2andCarla/install/my_python_pkg/share/ament_index/resource_index/packages
[2.236s] copying resource/my_python_pkg -> /home/mostafa/ROS2andCarla/install/my_python_pkg/share/ament_index/resource_index/packages
[2.237s] copying package.xml -> /home/mostafa/ROS2andCarla/install/my_python_pkg/share/my_python_pkg
[2.237s] running install_egg_info
[2.278s] Copying ../build/my_python_pkg/my_python_pkg.egg-info to /home/mostafa/ROS2andCarla/install/my_python_pkg/lib/python3.12/site-packages/my_python_pkg-0.0.0-py3.12.egg-info
[2.279s] running install_scripts
[2.511s] Installing pub_node script to /home/mostafa/ROS2andCarla/install/my_python_pkg/lib/my_python_pkg
[2.512s] writing list of installed files to '/home/mostafa/ROS2andCarla/build/my_python_pkg/install.log'
[2.543s] Invoked command in '/home/mostafa/ROS2andCarla/my_python_pkg' returned '0': DEBUGINFOD_URLS=https://debuginfod.ubuntu.com PYTHONPATH=/home/mostafa/ROS2andCarla/build/my_python_pkg/prefix_override:/usr/lib/python3/dist-packages/colcon_core/task/python/colcon_distutils_commands:/home/mostafa/ROS2andCarla/install/my_python_pkg/lib/python3.12/site-packages:${PYTHONPATH} /usr/bin/python3 -W ignore:setup.py install is deprecated -W ignore:easy_install command is deprecated setup.py egg_info --egg-base ../build/my_python_pkg build --build-base /home/mostafa/ROS2andCarla/build/my_python_pkg/build install --record /home/mostafa/ROS2andCarla/build/my_python_pkg/install.log --single-version-externally-managed install_data
