[2.610s] Invoking command in '/home/mostafa/ROS2andCarla/my_python_pkg': DEBUGINFOD_URLS=https://debuginfod.ubuntu.com PYTHONPATH=/home/mostafa/ROS2andCarla/build/my_python_pkg/prefix_override:/usr/lib/python3/dist-packages/colcon_core/task/python/colcon_distutils_commands:/home/mostafa/ROS2andCarla/install/my_python_pkg/lib/python3.12/site-packages:${PYTHONPATH} /usr/bin/python3 -W ignore:setup.py install is deprecated -W ignore:easy_install command is deprecated setup.py egg_info --egg-base ../build/my_python_pkg build --build-base /home/mostafa/ROS2andCarla/build/my_python_pkg/build install --record /home/mostafa/ROS2andCarla/build/my_python_pkg/install.log --single-version-externally-managed install_data
[3.099s] running egg_info
[3.141s] writing ../build/my_python_pkg/my_python_pkg.egg-info/PKG-INFO
[3.141s] writing dependency_links to ../build/my_python_pkg/my_python_pkg.egg-info/dependency_links.txt
[3.142s] writing entry points to ../build/my_python_pkg/my_python_pkg.egg-info/entry_points.txt
[3.142s] writing requirements to ../build/my_python_pkg/my_python_pkg.egg-info/requires.txt
[3.142s] writing top-level names to ../build/my_python_pkg/my_python_pkg.egg-info/top_level.txt
[3.228s] reading manifest file '../build/my_python_pkg/my_python_pkg.egg-info/SOURCES.txt'
[3.229s] writing manifest file '../build/my_python_pkg/my_python_pkg.egg-info/SOURCES.txt'
[3.230s] running build
[3.230s] running build_py
[3.230s] running install
[3.239s] running install_lib
[3.282s] running install_data
[3.283s] copying package.xml -> /home/mostafa/ROS2andCarla/install/my_python_pkg/share/my_python_pkg
[3.283s] running install_egg_info
[3.326s] removing '/home/mostafa/ROS2andCarla/install/my_python_pkg/lib/python3.12/site-packages/my_python_pkg-0.0.0-py3.12.egg-info' (and everything under it)
[3.327s] Copying ../build/my_python_pkg/my_python_pkg.egg-info to /home/mostafa/ROS2andCarla/install/my_python_pkg/lib/python3.12/site-packages/my_python_pkg-0.0.0-py3.12.egg-info
[3.328s] running install_scripts
[3.564s] Installing pub_node script to /home/mostafa/ROS2andCarla/install/my_python_pkg/lib/my_python_pkg
[3.565s] writing list of installed files to '/home/mostafa/ROS2andCarla/build/my_python_pkg/install.log'
[3.599s] Invoked command in '/home/mostafa/ROS2andCarla/my_python_pkg' returned '0': DEBUGINFOD_URLS=https://debuginfod.ubuntu.com PYTHONPATH=/home/mostafa/ROS2andCarla/build/my_python_pkg/prefix_override:/usr/lib/python3/dist-packages/colcon_core/task/python/colcon_distutils_commands:/home/mostafa/ROS2andCarla/install/my_python_pkg/lib/python3.12/site-packages:${PYTHONPATH} /usr/bin/python3 -W ignore:setup.py install is deprecated -W ignore:easy_install command is deprecated setup.py egg_info --egg-base ../build/my_python_pkg build --build-base /home/mostafa/ROS2andCarla/build/my_python_pkg/build install --record /home/mostafa/ROS2andCarla/build/my_python_pkg/install.log --single-version-externally-managed install_data
