running egg_info
writing ../build/my_python_pkg/my_python_pkg.egg-info/PKG-INFO
writing dependency_links to ../build/my_python_pkg/my_python_pkg.egg-info/dependency_links.txt
writing entry points to ../build/my_python_pkg/my_python_pkg.egg-info/entry_points.txt
writing requirements to ../build/my_python_pkg/my_python_pkg.egg-info/requires.txt
writing top-level names to ../build/my_python_pkg/my_python_pkg.egg-info/top_level.txt
reading manifest file '../build/my_python_pkg/my_python_pkg.egg-info/SOURCES.txt'
writing manifest file '../build/my_python_pkg/my_python_pkg.egg-info/SOURCES.txt'
running build
running build_py
copying my_python_pkg/pub_node.py -> /home/mostafa/ROS2andCarla/build/my_python_pkg/build/lib/my_python_pkg
running install
running install_lib
copying /home/mostafa/ROS2andCarla/build/my_python_pkg/build/lib/my_python_pkg/pub_node.py -> /home/mostafa/ROS2andCarla/install/my_python_pkg/lib/python3.12/site-packages/my_python_pkg
byte-compiling /home/mostafa/ROS2andCarla/install/my_python_pkg/lib/python3.12/site-packages/my_python_pkg/pub_node.py to pub_node.cpython-312.pyc
running install_data
copying package.xml -> /home/mostafa/ROS2andCarla/install/my_python_pkg/share/my_python_pkg
running install_egg_info
removing '/home/mostafa/ROS2andCarla/install/my_python_pkg/lib/python3.12/site-packages/my_python_pkg-0.0.0-py3.12.egg-info' (and everything under it)
Copying ../build/my_python_pkg/my_python_pkg.egg-info to /home/mostafa/ROS2andCarla/install/my_python_pkg/lib/python3.12/site-packages/my_python_pkg-0.0.0-py3.12.egg-info
running install_scripts
Installing pub_node script to /home/mostafa/ROS2andCarla/install/my_python_pkg/lib/my_python_pkg
writing list of installed files to '/home/mostafa/ROS2andCarla/build/my_python_pkg/install.log'
