[1.477s] Invoking command in '/home/mostafa/ROS2andCarla/my_python_pkg': DEBUGINFOD_URLS=https://debuginfod.ubuntu.com PYTHONPATH=/home/mostafa/ROS2andCarla/build/my_python_pkg/prefix_override:/usr/lib/python3/dist-packages/colcon_core/task/python/colcon_distutils_commands:/home/mostafa/ROS2andCarla/install/my_python_pkg/lib/python3.12/site-packages:${PYTHONPATH} /usr/bin/python3 -W ignore:setup.py install is deprecated -W ignore:easy_install command is deprecated setup.py egg_info --egg-base ../build/my_python_pkg build --build-base /home/mostafa/ROS2andCarla/build/my_python_pkg/build install --record /home/mostafa/ROS2andCarla/build/my_python_pkg/install.log --single-version-externally-managed install_data
[2.073s] running egg_info
[2.115s] writing ../build/my_python_pkg/my_python_pkg.egg-info/PKG-INFO
[2.115s] writing dependency_links to ../build/my_python_pkg/my_python_pkg.egg-info/dependency_links.txt
[2.115s] writing entry points to ../build/my_python_pkg/my_python_pkg.egg-info/entry_points.txt
[2.115s] writing requirements to ../build/my_python_pkg/my_python_pkg.egg-info/requires.txt
[2.116s] writing top-level names to ../build/my_python_pkg/my_python_pkg.egg-info/top_level.txt
[2.201s] reading manifest file '../build/my_python_pkg/my_python_pkg.egg-info/SOURCES.txt'
[2.202s] writing manifest file '../build/my_python_pkg/my_python_pkg.egg-info/SOURCES.txt'
[2.202s] running build
[2.203s] running build_py
[2.203s] copying my_python_pkg/pub_node.py -> /home/mostafa/ROS2andCarla/build/my_python_pkg/build/lib/my_python_pkg
[2.203s] running install
[2.212s] running install_lib
[2.256s] copying /home/mostafa/ROS2andCarla/build/my_python_pkg/build/lib/my_python_pkg/pub_node.py -> /home/mostafa/ROS2andCarla/install/my_python_pkg/lib/python3.12/site-packages/my_python_pkg
[2.257s] byte-compiling /home/mostafa/ROS2andCarla/install/my_python_pkg/lib/python3.12/site-packages/my_python_pkg/pub_node.py to pub_node.cpython-312.pyc
[2.259s] running install_data
[2.259s] running install_egg_info
[2.303s] removing '/home/mostafa/ROS2andCarla/install/my_python_pkg/lib/python3.12/site-packages/my_python_pkg-0.0.0-py3.12.egg-info' (and everything under it)
[2.304s] Copying ../build/my_python_pkg/my_python_pkg.egg-info to /home/mostafa/ROS2andCarla/install/my_python_pkg/lib/python3.12/site-packages/my_python_pkg-0.0.0-py3.12.egg-info
[2.305s] running install_scripts
[2.554s] Installing pub_node script to /home/mostafa/ROS2andCarla/install/my_python_pkg/lib/my_python_pkg
[2.554s] writing list of installed files to '/home/mostafa/ROS2andCarla/build/my_python_pkg/install.log'
[2.600s] Invoked command in '/home/mostafa/ROS2andCarla/my_python_pkg' returned '0': DEBUGINFOD_URLS=https://debuginfod.ubuntu.com PYTHONPATH=/home/mostafa/ROS2andCarla/build/my_python_pkg/prefix_override:/usr/lib/python3/dist-packages/colcon_core/task/python/colcon_distutils_commands:/home/mostafa/ROS2andCarla/install/my_python_pkg/lib/python3.12/site-packages:${PYTHONPATH} /usr/bin/python3 -W ignore:setup.py install is deprecated -W ignore:easy_install command is deprecated setup.py egg_info --egg-base ../build/my_python_pkg build --build-base /home/mostafa/ROS2andCarla/build/my_python_pkg/build install --record /home/mostafa/ROS2andCarla/build/my_python_pkg/install.log --single-version-externally-managed install_data
