[1.347s] Invoking command in '/home/mostafa/ROS2andCarla/my_python_pkg': DEBUGINFOD_URLS=https://debuginfod.ubuntu.com PYTHONPATH=/home/mostafa/ROS2andCarla/build/my_python_pkg/prefix_override:/usr/lib/python3/dist-packages/colcon_core/task/python/colcon_distutils_commands:/home/mostafa/ROS2andCarla/install/my_python_pkg/lib/python3.12/site-packages:${PYTHONPATH} /usr/bin/python3 -W ignore:setup.py install is deprecated -W ignore:easy_install command is deprecated setup.py egg_info --egg-base ../build/my_python_pkg build --build-base /home/mostafa/ROS2andCarla/build/my_python_pkg/build install --record /home/mostafa/ROS2andCarla/build/my_python_pkg/install.log --single-version-externally-managed install_data
[1.808s] running egg_info
[1.848s] writing ../build/my_python_pkg/my_python_pkg.egg-info/PKG-INFO
[1.848s] writing dependency_links to ../build/my_python_pkg/my_python_pkg.egg-info/dependency_links.txt
[1.849s] writing entry points to ../build/my_python_pkg/my_python_pkg.egg-info/entry_points.txt
[1.849s] writing requirements to ../build/my_python_pkg/my_python_pkg.egg-info/requires.txt
[1.849s] writing top-level names to ../build/my_python_pkg/my_python_pkg.egg-info/top_level.txt
[1.929s] reading manifest file '../build/my_python_pkg/my_python_pkg.egg-info/SOURCES.txt'
[1.930s] writing manifest file '../build/my_python_pkg/my_python_pkg.egg-info/SOURCES.txt'
[1.930s] running build
[1.930s] running build_py
[1.930s] running install
[1.939s] running install_lib
[1.980s] running install_data
[1.980s] running install_egg_info
[2.021s] removing '/home/mostafa/ROS2andCarla/install/my_python_pkg/lib/python3.12/site-packages/my_python_pkg-0.0.0-py3.12.egg-info' (and everything under it)
[2.022s] Copying ../build/my_python_pkg/my_python_pkg.egg-info to /home/mostafa/ROS2andCarla/install/my_python_pkg/lib/python3.12/site-packages/my_python_pkg-0.0.0-py3.12.egg-info
[2.023s] running install_scripts
[2.255s] Installing pub_node script to /home/mostafa/ROS2andCarla/install/my_python_pkg/lib/my_python_pkg
[2.255s] writing list of installed files to '/home/mostafa/ROS2andCarla/build/my_python_pkg/install.log'
[2.285s] Invoked command in '/home/mostafa/ROS2andCarla/my_python_pkg' returned '0': DEBUGINFOD_URLS=https://debuginfod.ubuntu.com PYTHONPATH=/home/mostafa/ROS2andCarla/build/my_python_pkg/prefix_override:/usr/lib/python3/dist-packages/colcon_core/task/python/colcon_distutils_commands:/home/mostafa/ROS2andCarla/install/my_python_pkg/lib/python3.12/site-packages:${PYTHONPATH} /usr/bin/python3 -W ignore:setup.py install is deprecated -W ignore:easy_install command is deprecated setup.py egg_info --egg-base ../build/my_python_pkg build --build-base /home/mostafa/ROS2andCarla/build/my_python_pkg/build install --record /home/mostafa/ROS2andCarla/build/my_python_pkg/install.log --single-version-externally-managed install_data
